{"level":"info","message":"user retrieved all tasks"}
{"level":"info","message":"user retrieved all tasks"}
{"level":"info","message":"user retrieved all tasks"}
{"level":"error","message":"user failed to update a task , error : cannot update task"}
{"level":"error","message":"user failed to update a task , error : cannot update task","timestamp":"2023-12-19T18:52:14.474Z"}
{"level":"info","message":"user retrieved all tasks","timestamp":"2023-12-19T19:31:15.598Z"}
{"level":"info","message":"user retrieved all tasks","timestamp":"2023-12-19T19:31:15.623Z"}
{"level":"info","message":"user updated a task","timestamp":"2023-12-19T19:31:19.706Z"}
{"level":"info","message":"user retrieved all tasks","timestamp":"2023-12-19T19:31:19.716Z"}
{"level":"info","message":"user updated a task","timestamp":"2023-12-19T19:31:20.436Z"}
{"level":"info","message":"user retrieved all tasks","timestamp":"2023-12-19T19:31:20.444Z"}
{"level":"info","message":"user created a task","timestamp":"2023-12-19T19:31:22.098Z"}
{"level":"info","message":"user retrieved all tasks","timestamp":"2023-12-19T19:31:22.106Z"}
{"level":"info","message":"user retrieved all tasks","timestamp":"2023-12-19T21:26:51.402Z"}
{"level":"info","message":"user retrieved all tasks","timestamp":"2023-12-19T21:26:51.414Z"}
{"level":"info","message":"user deleted a task","timestamp":"2023-12-19T21:26:58.456Z"}
{"level":"info","message":"user retrieved all tasks","timestamp":"2023-12-19T21:26:58.465Z"}
{"level":"info","message":"user deleted a task","timestamp":"2023-12-19T21:26:59.132Z"}
{"level":"info","message":"user retrieved all tasks","timestamp":"2023-12-19T21:26:59.144Z"}
{"level":"info","message":"user deleted a task","timestamp":"2023-12-19T21:26:59.721Z"}
{"level":"info","message":"user retrieved all tasks","timestamp":"2023-12-19T21:26:59.731Z"}
{"level":"info","message":"user deleted a task","timestamp":"2023-12-19T21:27:00.385Z"}
{"level":"info","message":"user retrieved all tasks","timestamp":"2023-12-19T21:27:00.392Z"}
{"level":"info","message":"user created a task","timestamp":"2023-12-19T21:27:02.916Z"}
{"level":"info","message":"user retrieved all tasks","timestamp":"2023-12-19T21:27:02.923Z"}
{"level":"info","message":"user created a task","timestamp":"2023-12-19T21:27:04.493Z"}
{"level":"info","message":"user retrieved all tasks","timestamp":"2023-12-19T21:27:04.505Z"}
{"level":"info","message":"user retrieved all tasks","timestamp":"2024-02-08T09:01:01.233Z"}
{"level":"info","message":"user retrieved all tasks","timestamp":"2024-02-08T09:01:01.246Z"}
